#
# There is insufficient memory for the Java Runtime Environment to continue.
# Native memory allocation (mmap) failed to map 127926272 bytes for Failed to commit area from 0x0000000086800000 to 0x000000008e200000 of length 127926272.
# Possible reasons:
#   The system is out of physical RAM or swap space
#   The process is running with CompressedOops enabled, and the Java Heap may be blocking the growth of the native heap
# Possible solutions:
#   Reduce memory load on the system
#   Increase physical memory or swap space
#   Check if swap backing store is full
#   Decrease Java heap size (-Xmx/-Xms)
#   Decrease number of Java threads
#   Decrease Java thread stack sizes (-Xss)
#   Set larger code cache with -XX:ReservedCodeCacheSize=
# This output file may be truncated or incomplete.
#
#  Out of Memory Error (./src/hotspot/os/windows/os_windows.cpp:3301), pid=1324, tid=5244
#
# JRE version:  (11.0.11+9) (build )
# Java VM: OpenJDK 64-Bit Server VM (11.0.11+9-b60-7590822, mixed mode, sharing, tiered, compressed oops, g1 gc, windows-amd64)
# No core dump will be written. Minidumps are not enabled by default on client versions of Windows
#

---------------  S U M M A R Y ------------

Command Line: org.jetbrains.kotlin.cli.jvm.K2JVMCompiler @D:\TeachMeSkills\Android\InPre\app\build\20220328_6052296068571436393.compiler.options

Host: Intel(R) Pentium(R) CPU B960 @ 2.20GHz, 2 cores, 7G,  Windows 7 , 64 bit Build 7601 (6.1.7601.19018)
Time: Mon Mar 28 13:51:16 2022 Aaea?onu (ceia) elapsed time: 0.009204 seconds (0d 0h 0m 0s)

---------------  T H R E A D  ---------------

Current thread (0x00000000002d2800):  JavaThread "Unknown thread" [_thread_in_vm, id=5244, stack(0x00000000021d0000,0x00000000022d0000)]

Stack: [0x00000000021d0000,0x00000000022d0000]
Native frames: (J=compiled Java code, j=interpreted, Vv=VM code, C=native code)
V  [jvm.dll+0x5f214a]
V  [jvm.dll+0x726fb5]
V  [jvm.dll+0x7285cd]
V  [jvm.dll+0x728c83]
V  [jvm.dll+0x243278]
V  [jvm.dll+0x5ef544]
V  [jvm.dll+0x5e4495]
V  [jvm.dll+0x2fec5b]
V  [jvm.dll+0x2febca]
V  [jvm.dll+0x2feaa2]
V  [jvm.dll+0x303986]
V  [jvm.dll+0x34c3a3]
V  [jvm.dll+0x34caa6]
V  [jvm.dll+0x34c4a3]
V  [jvm.dll+0x2d9688]
V  [jvm.dll+0x2da837]
V  [jvm.dll+0x705ba7]
V  [jvm.dll+0x70739c]
V  [jvm.dll+0x3598f9]
V  [jvm.dll+0x6e931e]
V  [jvm.dll+0x3c1c43]
V  [jvm.dll+0x3c3e81]
C  [jli.dll+0x5373]
C  [ucrtbase.DLL+0x6be1d]
C  [kernel32.dll+0x15a4d]
C  [ntdll.dll+0x2b831]


---------------  P R O C E S S  ---------------

Threads class SMR info:
_java_thread_list=0x00000000002ade20, length=0, elements={
}

Java Threads: ( => current thread )

Other Threads:
  0x00000000002ec800 GCTaskThread "GC Thread#0" [stack: 0x0000000015350000,0x0000000015450000] [id=2408]
  0x000000000031a000 ConcurrentGCThread "G1 Main Marker" [stack: 0x0000000019db0000,0x0000000019eb0000] [id=5152]
  0x000000000031c000 ConcurrentGCThread "G1 Conc#0" [stack: 0x0000000000000000,0x0000000000000000] [id=4768]

[error occurred during error reporting (printing all threads), id 0xc0000005, EXCEPTION_ACCESS_VIOLATION (0xc0000005) at pc=0x000007feefde9c47]

VM state:not at safepoint (not fully initialized)

VM Mutex/Monitor currently owned by a thread:  ([mutex/lock_event])
[0x00000000002cff80] Heap_lock - owner thread: 0x00000000002d2800

Heap address: 0x0000000086800000, size: 1944 MB, Compressed Oops mode: Non-zero based: 0x0000000086800000
Narrow klass base: 0x0000000000000000, Narrow klass shift: 0

GC Heap History (0 events):
No events

Deoptimization events (0 events):
No events

Classes redefined (0 events):
No events

Internal exceptions (0 events):
No events

Events (1 events):
Event: 0.005 Loaded shared library D:\TeachMeSkills\Android Studio\jre\bin\zip.dll


Dynamic libraries:
0x000000013fcd0000 - 0x000000013fcda000 	D:\TeachMeSkills\Android Studio\jre\bin\java.exe
0x0000000077a30000 - 0x0000000077bd9000 	C:\Windows\SYSTEM32\ntdll.dll
0x0000000077810000 - 0x0000000077930000 	C:\Windows\system32\kernel32.dll
0x000007fefd8f0000 - 0x000007fefd95c000 	C:\Windows\system32\KERNELBASE.dll
0x000007fef57b0000 - 0x000007fef57c9000 	D:\TeachMeSkills\Android Studio\jre\bin\jli.dll
0x000007fefc360000 - 0x000007fefc554000 	C:\Windows\WinSxS\amd64_microsoft.windows.common-controls_6595b64144ccf1df_6.0.7601.18837_none_fa3b1e3d17594757\COMCTL32.dll
0x000007feff970000 - 0x000007feffa0f000 	C:\Windows\system32\msvcrt.dll
0x000007feffcd0000 - 0x000007feffd37000 	C:\Windows\system32\GDI32.dll
0x0000000077930000 - 0x0000000077a2a000 	C:\Windows\system32\USER32.dll
0x000007feffab0000 - 0x000007feffabe000 	C:\Windows\system32\LPK.dll
0x000007feff120000 - 0x000007feff1e9000 	C:\Windows\system32\USP10.dll
0x000007fefe2f0000 - 0x000007fefe361000 	C:\Windows\system32\SHLWAPI.dll
0x000007fef6400000 - 0x000007fef6417000 	D:\TeachMeSkills\Android Studio\jre\bin\VCRUNTIME140.dll
0x000007fef7890000 - 0x000007fef7894000 	C:\Windows\system32\api-ms-win-crt-runtime-l1-1-0.dll
0x000007fef6570000 - 0x000007fef6664000 	C:\Windows\system32\ucrtbase.DLL
0x000007fef6f20000 - 0x000007fef6f23000 	C:\Windows\system32\api-ms-win-core-timezone-l1-1-0.dll
0x000007fef6f10000 - 0x000007fef6f13000 	C:\Windows\system32\api-ms-win-core-file-l2-1-0.dll
0x000007fef6e30000 - 0x000007fef6e33000 	C:\Windows\system32\api-ms-win-core-localization-l1-2-0.dll
0x000007fefca40000 - 0x000007fefca43000 	C:\Windows\system32\api-ms-win-core-synch-l1-2-0.dll
0x000007fef6ce0000 - 0x000007fef6ce3000 	C:\Windows\system32\api-ms-win-core-processthreads-l1-1-1.dll
0x000007fef6cd0000 - 0x000007fef6cd3000 	C:\Windows\system32\api-ms-win-core-file-l1-2-0.dll
0x000007fef6cb0000 - 0x000007fef6cb4000 	C:\Windows\system32\api-ms-win-crt-string-l1-1-0.dll
0x000007fef6cc0000 - 0x000007fef6cc3000 	C:\Windows\system32\api-ms-win-crt-heap-l1-1-0.dll
0x000007fef6ca0000 - 0x000007fef6ca4000 	C:\Windows\system32\api-ms-win-crt-stdio-l1-1-0.dll
0x000007fef6c90000 - 0x000007fef6c94000 	C:\Windows\system32\api-ms-win-crt-convert-l1-1-0.dll
0x000007fef6c80000 - 0x000007fef6c83000 	C:\Windows\system32\api-ms-win-crt-environment-l1-1-0.dll
0x000007fef6b10000 - 0x000007fef6b13000 	C:\Windows\system32\api-ms-win-crt-filesystem-l1-1-0.dll
0x000007fef6b20000 - 0x000007fef6b25000 	C:\Windows\system32\api-ms-win-crt-math-l1-1-0.dll
0x000007fef6790000 - 0x000007fef6793000 	C:\Windows\system32\api-ms-win-crt-locale-l1-1-0.dll
0x000007feff5a0000 - 0x000007feff5ce000 	C:\Windows\system32\IMM32.DLL
0x000007feff5e0000 - 0x000007feff6e9000 	C:\Windows\system32\MSCTF.dll
0x000007fef2320000 - 0x000007fef23bd000 	D:\TeachMeSkills\Android Studio\jre\bin\msvcp140.dll
0x000007fef6e40000 - 0x000007fef6e45000 	C:\Windows\system32\api-ms-win-crt-multibyte-l1-1-0.dll
0x000007fef6b00000 - 0x000007fef6b03000 	C:\Windows\system32\api-ms-win-crt-time-l1-1-0.dll
0x000007fef6b40000 - 0x000007fef6b43000 	C:\Windows\system32\api-ms-win-crt-utility-l1-1-0.dll
0x000007feefb00000 - 0x000007fef05d5000 	D:\TeachMeSkills\Android Studio\jre\bin\server\jvm.dll
0x000007feff4c0000 - 0x000007feff59b000 	C:\Windows\system32\ADVAPI32.dll
0x000007fefe2d0000 - 0x000007fefe2ef000 	C:\Windows\SYSTEM32\sechost.dll
0x000007fefe1a0000 - 0x000007fefe2cd000 	C:\Windows\system32\RPCRT4.dll
0x000007fefc330000 - 0x000007fefc339000 	C:\Windows\system32\WSOCK32.dll
0x000007feffb20000 - 0x000007feffb6d000 	C:\Windows\system32\WS2_32.dll
0x000007feff5d0000 - 0x000007feff5d8000 	C:\Windows\system32\NSI.dll
0x000007fefc5b0000 - 0x000007fefc5eb000 	C:\Windows\system32\WINMM.dll
0x000007fefc850000 - 0x000007fefc85c000 	C:\Windows\system32\VERSION.dll
0x0000000077c00000 - 0x0000000077c07000 	C:\Windows\system32\PSAPI.DLL
0x000007fef6ae0000 - 0x000007fef6af1000 	D:\TeachMeSkills\Android Studio\jre\bin\verify.dll
0x000007fef90e0000 - 0x000007fef9205000 	C:\Windows\system32\DBGHELP.DLL
0x000007fef6a50000 - 0x000007fef6a79000 	D:\TeachMeSkills\Android Studio\jre\bin\java.dll
0x000007fef6ad0000 - 0x000007fef6adb000 	D:\TeachMeSkills\Android Studio\jre\bin\jimage.dll
0x000007fef6a90000 - 0x000007fef6aa8000 	D:\TeachMeSkills\Android Studio\jre\bin\zip.dll

dbghelp: loaded successfully - version: 4.0.5 - missing functions: none
symbol engine: initialized successfully - sym options: 0x614 - pdb path: .;D:\TeachMeSkills\Android Studio\jre\bin;C:\Windows\SYSTEM32;C:\Windows\WinSxS\amd64_microsoft.windows.common-controls_6595b64144ccf1df_6.0.7601.18837_none_fa3b1e3d17594757;D:\TeachMeSkills\Android Studio\jre\bin\server

VM Arguments:
java_command: org.jetbrains.kotlin.cli.jvm.K2JVMCompiler @D:\TeachMeSkills\Android\InPre\app\build\20220328_6052296068571436393.compiler.options
java_class_path (initial): C:\Users\Виндика\.gradle\caches\modules-2\files-2.1\org.jetbrains.kotlin\kotlin-compiler-embeddable\1.6.10\88f2073f4020cdb83132cfe940ceb9a60aba54ea\kotlin-compiler-embeddable-1.6.10.jar;C:\Users\Виндика\.gradle\caches\modules-2\files-2.1\org.jetbrains.kotlin\kotlin-reflect\1.6.10\1cbe9c92c12a94eea200d23c2bbaedaf3daf5132\kotlin-reflect-1.6.10.jar;C:\Users\Виндика\.gradle\caches\modules-2\files-2.1\org.jetbrains.kotlin\kotlin-stdlib\1.6.10\b8af3fe6f1ca88526914929add63cf5e7c5049af\kotlin-stdlib-1.6.10.jar;C:\Users\Виндика\.gradle\caches\modules-2\files-2.1\org.jetbrains.kotlin\kotlin-script-runtime\1.6.10\d0a7ff2e2500ef497ed0214ae40ad3c8387a6164\kotlin-script-runtime-1.6.10.jar;C:\Users\Виндика\.gradle\caches\modules-2\files-2.1\org.jetbrains.kotlin\kotlin-daemon-embeddable\1.6.10\a56d79bcbea411fa6058e4ecffc2de73e742bd2a\kotlin-daemon-embeddable-1.6.10.jar;C:\Users\Виндика\.gradle\caches\modules-2\files-2.1\org.jetbrains.intellij.deps\trove4j\1.0.20181211\216c2e14b070f334479d800987affe4054cd563f\trove4j-1.0.20181211.jar;C:\Users\Виндика\.gradle\caches\modules-2\files-2.1\net.java.dev.jna\jna\5.6.0\330f2244e9030119ab3030fc3fededc86713d9cc\jna-5.6.0.jar;C:\Users\Виндика\.gradle\caches\modules-2\files-2.1\org.jetbrains\annotations\13.0\919f0dfe192fb4e063e7dacadee7f8bb9a2672a9\annotations-13.0.jar;C:\Users\Виндика\.gradle\caches\modules-2\files-2.1\org.jetbrains.kotlin\kotlin-stdlib-common\1.6.10\c118700e3a33c8a0d9adc920e9dec0831171925\kotlin-stdlib-common-1.6.10.jar
Launcher Type: SUN_STANDARD

[Global flags]
     intx CICompilerCount                          = 2                                         {product} {ergonomic}
     uint ConcGCThreads                            = 1                                         {product} {ergonomic}
     uint G1ConcRefinementThreads                  = 2                                         {product} {ergonomic}
   size_t G1HeapRegionSize                         = 1048576                                   {product} {ergonomic}
    uintx GCDrainStackTargetSize                   = 64                                        {product} {ergonomic}
   size_t InitialHeapSize                          = 127926272                                 {product} {ergonomic}
   size_t MarkStackSize                            = 4194304                                   {product} {ergonomic}
   size_t MaxHeapSize                              = 2038431744                                {product} {ergonomic}
   size_t MinHeapDeltaBytes                        = 1048576                                   {product} {ergonomic}
    uintx NonNMethodCodeHeapSize                   = 5825164                                {pd product} {ergonomic}
    uintx NonProfiledCodeHeapSize                  = 122916538                              {pd product} {ergonomic}
    uintx ProfiledCodeHeapSize                     = 122916538                              {pd product} {ergonomic}
    uintx ReservedCodeCacheSize                    = 251658240                              {pd product} {ergonomic}
     bool SegmentedCodeCache                       = true                                      {product} {ergonomic}
     bool UseCompressedClassPointers               = true                                 {lp64_product} {ergonomic}
     bool UseCompressedOops                        = true                                 {lp64_product} {ergonomic}
     bool UseG1GC                                  = true                                      {product} {ergonomic}
     bool UseLargePagesIndividualAllocation        = false                                  {pd product} {ergonomic}

Logging:
Log output configuration:
 #0: stdout all=warning uptime,level,tags
 #1: stderr all=off uptime,level,tags

Environment Variables:
PATH=C:\Program Files\Broadcom\Broadcom 802.11 Network Adapter\Driver;C:\Windows\system32;C:\Windows;C:\Windows\System32\Wbem;C:\Windows\System32\WindowsPowerShell\v1.0\;D:\TeachMeSkills\Git\cmd
USERNAME=Виндика
OS=Windows_NT
PROCESSOR_IDENTIFIER=Intel64 Family 6 Model 42 Stepping 7, GenuineIntel



---------------  S Y S T E M  ---------------

OS: Windows 7 , 64 bit Build 7601 (6.1.7601.19018)
OS uptime: 4 days 6:00 hours

CPU:total 2 (initial active 2) (2 cores per cpu, 1 threads per core) family 6 model 42 stepping 7 microcode 0x0, cmov, cx8, fxsr, mmx, sse, sse2, sse3, ssse3, sse4.1, sse4.2, popcnt, clmul, tsc, tscinvbit

Memory: 4k page, system-wide physical 7769M (888M free)
TotalPageFile size 9967M (AvailPageFile size 41M)
current process WorkingSet (physical memory assigned to process): 9M, peak: 9M
current process commit charge ("private bytes"): 53M, peak: 174M

vm_info: OpenJDK 64-Bit Server VM (11.0.11+9-b60-7590822) for windows-amd64 JRE (11.0.11+9-b60-7590822), built on Jul 29 2021 21:43:44 by "builder" with MS VC++ 14.0 (VS2015)

END.
